d:\my work\c++\tatris\tatris\debug\vc120.pdb
d:\my work\c++\tatris\tatris\debug\vc120.idb
d:\my work\c++\tatris\tatris\debug\glad.obj
d:\my work\c++\tatris\tatris\debug\main.obj
d:\my work\c++\tatris\tatris\debug\particlegenerator.obj
d:\my work\c++\tatris\tatris\debug\resourcemanager.obj
d:\my work\c++\tatris\tatris\debug\shader.obj
d:\my work\c++\tatris\tatris\debug\shape.obj
d:\my work\c++\tatris\tatris\debug\sprite.obj
d:\my work\c++\tatris\tatris\debug\tatris.obj
d:\my work\c++\tatris\tatris\debug\text.obj
d:\my work\c++\tatris\tatris\debug\texture.obj
d:\my work\c++\tatris\tatris\debug\tatris.ilk
d:\my work\c++\tatris\tatris\debug\tatris.exe
d:\my work\c++\tatris\tatris\debug\tatris.pdb
d:\my work\c++\tatris\tatris\debug\tatris.tlog\cl.command.1.tlog
d:\my work\c++\tatris\tatris\debug\tatris.tlog\cl.read.1.tlog
d:\my work\c++\tatris\tatris\debug\tatris.tlog\cl.write.1.tlog
d:\my work\c++\tatris\tatris\debug\tatris.tlog\link.command.1.tlog
d:\my work\c++\tatris\tatris\debug\tatris.tlog\link.read.1.tlog
d:\my work\c++\tatris\tatris\debug\tatris.tlog\link.write.1.tlog
